13:54:28 **** Rebuild of configuration Debug for project example-11 ****
Info: Internal Builder is used for build
gcc -O0 -g3 -Wall -c -fmessage-length=0 -o "src\\example-11.o" "..\\src\\example-11.c" 
gcc -o example-11.exe "src\\example-11.o" 
Info: Nothing to build for example-11
Info: Nothing to build for example-11
13:55:23 **** Incremental Build of configuration Debug for project example-11 ****
Info: Internal Builder is used for build
gcc -O0 -g3 -Wall -c -fmessage-length=0 -o "src\\example-11.o" "..\\src\\example-11.c" 
gcc -o example-11.exe "src\\example-11.o" 
Info: Nothing to build for example-11
Info: Nothing to build for example-11
14:02:53 **** Incremental Build of configuration Debug for project example-11 ****
Info: Internal Builder is used for build
gcc -O0 -g3 -Wall -c -fmessage-length=0 -o "src\\example-11.o" "..\\src\\example-11.c" 
..\src\example-11.c: In function 'sort':
..\src\example-11.c:29:5: warning: implicit declaration of function 'print'; did you mean 'printf'? [-Wimplicit-function-declaration]
     print("%d  %d ",indexes[i], indexes[j]);
     ^~~~~
     printf
..\src\example-11.c: At top level:
..\src\example-11.c:36:6: warning: conflicting types for 'print'
 void print(int_least32_t* values, int_least16_t* indexes,const int_least16_t n)
      ^~~~~
..\src\example-11.c:29:5: note: previous implicit declaration of 'print' was here
     print("%d  %d ",indexes[i], indexes[j]);
     ^~~~~
gcc -o example-11.exe "src\\example-11.o" 
14:03:22 **** Incremental Build of configuration Debug for project example-11 ****
Info: Internal Builder is used for build
gcc -O0 -g3 -Wall -c -fmessage-length=0 -o "src\\example-11.o" "..\\src\\example-11.c" 
gcc -o example-11.exe "src\\example-11.o" 
Info: Nothing to build for example-11
14:04:37 **** Incremental Build of configuration Debug for project example-11 ****
Info: Internal Builder is used for build
gcc -O0 -g3 -Wall -c -fmessage-length=0 -o "src\\example-11.o" "..\\src\\example-11.c" 
gcc -o example-11.exe "src\\example-11.o" 
14:06:09 **** Incremental Build of configuration Debug for project example-11 ****
Info: Internal Builder is used for build
gcc -O0 -g3 -Wall -c -fmessage-length=0 -o "src\\example-11.o" "..\\src\\example-11.c" 
gcc -o example-11.exe "src\\example-11.o" 
14:07:35 **** Incremental Build of configuration Debug for project example-11 ****
Info: Internal Builder is used for build
gcc -O0 -g3 -Wall -c -fmessage-length=0 -o "src\\example-11.o" "..\\src\\example-11.c" 
gcc -o example-11.exe "src\\example-11.o" 
14:07:45 **** Incremental Build of configuration Debug for project example-11 ****
Info: Internal Builder is used for build
gcc -O0 -g3 -Wall -c -fmessage-length=0 -o "src\\example-11.o" "..\\src\\example-11.c" 
gcc -o example-11.exe "src\\example-11.o" 
14:08:18 **** Incremental Build of configuration Debug for project example-11 ****
Info: Internal Builder is used for build
gcc -O0 -g3 -Wall -c -fmessage-length=0 -o "src\\example-11.o" "..\\src\\example-11.c" 
gcc -o example-11.exe "src\\example-11.o" 
14:08:41 **** Incremental Build of configuration Debug for project example-11 ****
Info: Internal Builder is used for build
gcc -O0 -g3 -Wall -c -fmessage-length=0 -o "src\\example-11.o" "..\\src\\example-11.c" 
gcc -o example-11.exe "src\\example-11.o" 
14:18:35 **** Incremental Build of configuration Debug for project example-11 ****
Info: Internal Builder is used for build
gcc -O0 -g3 -Wall -c -fmessage-length=0 -o "src\\example-11.o" "..\\src\\example-11.c" 
gcc -o example-11.exe "src\\example-11.o" 
14:28:45 **** Incremental Build of configuration Debug for project example-11 ****
Info: Internal Builder is used for build
gcc -O0 -g3 -Wall -c -fmessage-length=0 -o "src\\example-11.o" "..\\src\\example-11.c" 
gcc -o example-11.exe "src\\example-11.o" 
14:30:59 **** Incremental Build of configuration Debug for project example-11 ****
Info: Internal Builder is used for build
gcc -O0 -g3 -Wall -c -fmessage-length=0 -o "src\\example-11.o" "..\\src\\example-11.c" 
gcc -o example-11.exe "src\\example-11.o" 
14:31:43 **** Incremental Build of configuration Debug for project example-11 ****
Info: Internal Builder is used for build
gcc -O0 -g3 -Wall -c -fmessage-length=0 -o "src\\example-11.o" "..\\src\\example-11.c" 
gcc -o example-11.exe "src\\example-11.o" 
Info: Nothing to build for example-11
